<?xml version="1.0" encoding="UTF-8" ?>
<testsuite tests="5" failures="4" name="DAO.CursoDAOTest" time="5.606" errors="0" skipped="0">
  <properties>
    <property name="java.runtime.name" value="Java(TM) SE Runtime Environment"/>
    <property name="sun.boot.library.path" value="C:\Program Files\Java\jdk1.8.0_111\jre\bin"/>
    <property name="java.vm.version" value="25.111-b14"/>
    <property name="java.vm.vendor" value="Oracle Corporation"/>
    <property name="maven.multiModuleProjectDirectory" value="C:\Users\R2\Documents\GitHub\XP_Extreme_Programming"/>
    <property name="java.vendor.url" value="http://java.oracle.com/"/>
    <property name="path.separator" value=";"/>
    <property name="guice.disable.misplaced.annotation.check" value="true"/>
    <property name="java.vm.name" value="Java HotSpot(TM) 64-Bit Server VM"/>
    <property name="file.encoding.pkg" value="sun.io"/>
    <property name="user.script" value=""/>
    <property name="user.country" value="MX"/>
    <property name="sun.java.launcher" value="SUN_STANDARD"/>
    <property name="sun.os.patch.level" value=""/>
    <property name="java.vm.specification.name" value="Java Virtual Machine Specification"/>
    <property name="user.dir" value="C:\Users\R2\Documents\GitHub\XP_Extreme_Programming"/>
    <property name="java.runtime.version" value="1.8.0_111-b14"/>
    <property name="java.awt.graphicsenv" value="sun.awt.Win32GraphicsEnvironment"/>
    <property name="java.endorsed.dirs" value="C:\Program Files\Java\jdk1.8.0_111\jre\lib\endorsed"/>
    <property name="os.arch" value="amd64"/>
    <property name="java.io.tmpdir" value="C:\Users\R2\AppData\Local\Temp\"/>
    <property name="line.separator" value="
"/>
    <property name="java.vm.specification.vendor" value="Oracle Corporation"/>
    <property name="user.variant" value=""/>
    <property name="os.name" value="Windows 10"/>
    <property name="maven.ext.class.path" value="D:\nebinst\NetBeans-12.3\netbeans\java\maven-nblib\netbeans-eventspy.jar"/>
    <property name="classworlds.conf" value="D:\nebinst\NetBeans-12.3\netbeans\java\maven\bin\..\bin\m2.conf"/>
    <property name="sun.jnu.encoding" value="Cp1252"/>
    <property name="java.library.path" value="C:\Program Files\Java\jdk1.8.0_111\bin;C:\Windows\Sun\Java\bin;C:\Windows\system32;C:\Windows;D:\python\Scripts\;D:\python\;C:\Python39\Scripts\;C:\Python39\;C:\ProgramData\Oracle\Java\javapath;C:\Program Files (x86)\NVIDIA Corporation\PhysX\Common;C:\Program Files (x86)\Common Files\Oracle\Java\javapath;C:\Windows\system32;C:\Windows;C:\Windows\System32\Wbem;C:\Windows\System32\WindowsPowerShell\v1.0\;C:\Windows\System32\OpenSSH\;C:\Program Files\Git\cmd;D:\NodeJS\;C:\ProgramData\chocolatey\bin;C:\Program Files\MySQL\MySQL Shell 8.0\bin\;C:\Users\R2\AppData\Local\Microsoft\WindowsApps;C:\Users\R2\AppData\Local\GitHubDesktop\bin;C:\Users\R2\AppData\Roaming\npm;."/>
    <property name="maven.conf" value="D:\nebinst\NetBeans-12.3\netbeans\java\maven\bin\../conf"/>
    <property name="java.specification.name" value="Java Platform API Specification"/>
    <property name="java.class.version" value="52.0"/>
    <property name="sun.management.compiler" value="HotSpot 64-Bit Tiered Compilers"/>
    <property name="os.version" value="10.0"/>
    <property name="library.jansi.path" value="D:\nebinst\NetBeans-12.3\netbeans\java\maven\bin\..\lib\jansi-native"/>
    <property name="user.home" value="C:\Users\R2"/>
    <property name="user.timezone" value="America/Phoenix"/>
    <property name="java.awt.printerjob" value="sun.awt.windows.WPrinterJob"/>
    <property name="java.specification.version" value="1.8"/>
    <property name="file.encoding" value="UTF-8"/>
    <property name="user.name" value="R2"/>
    <property name="java.class.path" value="D:\nebinst\NetBeans-12.3\netbeans\java\maven\bin\..\boot\plexus-classworlds-2.6.0.jar"/>
    <property name="java.vm.specification.version" value="1.8"/>
    <property name="sun.arch.data.model" value="64"/>
    <property name="java.home" value="C:\Program Files\Java\jdk1.8.0_111\jre"/>
    <property name="sun.java.command" value="org.codehaus.plexus.classworlds.launcher.Launcher -Dmaven.ext.class.path=D:\nebinst\NetBeans-12.3\netbeans\java\maven-nblib\netbeans-eventspy.jar -Dfile.encoding=UTF-8 install"/>
    <property name="java.specification.vendor" value="Oracle Corporation"/>
    <property name="user.language" value="es"/>
    <property name="awt.toolkit" value="sun.awt.windows.WToolkit"/>
    <property name="java.vm.info" value="mixed mode"/>
    <property name="java.version" value="1.8.0_111"/>
    <property name="java.ext.dirs" value="C:\Program Files\Java\jdk1.8.0_111\jre\lib\ext;C:\Windows\Sun\Java\lib\ext"/>
    <property name="sun.boot.class.path" value="C:\Program Files\Java\jdk1.8.0_111\jre\lib\resources.jar;C:\Program Files\Java\jdk1.8.0_111\jre\lib\rt.jar;C:\Program Files\Java\jdk1.8.0_111\jre\lib\sunrsasign.jar;C:\Program Files\Java\jdk1.8.0_111\jre\lib\jsse.jar;C:\Program Files\Java\jdk1.8.0_111\jre\lib\jce.jar;C:\Program Files\Java\jdk1.8.0_111\jre\lib\charsets.jar;C:\Program Files\Java\jdk1.8.0_111\jre\lib\jfr.jar;C:\Program Files\Java\jdk1.8.0_111\jre\classes"/>
    <property name="java.vendor" value="Oracle Corporation"/>
    <property name="maven.home" value="D:\nebinst\NetBeans-12.3\netbeans\java\maven\bin\.."/>
    <property name="file.separator" value="\"/>
    <property name="java.vendor.url.bug" value="http://bugreport.sun.com/bugreport/"/>
    <property name="sun.cpu.endian" value="little"/>
    <property name="sun.io.unicode.encoding" value="UnicodeLittle"/>
    <property name="sun.desktop" value="windows"/>
    <property name="sun.cpu.isalist" value="amd64"/>
  </properties>
  <testcase classname="DAO.CursoDAOTest" name="DAO.CursoDAOTest.testAgregar" time="4.857">
    <failure message="Object: null is not a known Entity type." type="java.lang.IllegalArgumentException">java.lang.IllegalArgumentException: Object: null is not a known Entity type.
	at org.eclipse.persistence.internal.jpa.EntityManagerImpl.persist(EntityManagerImpl.java:598)
	at DAO.CursoDAO.agregar(CursoDAO.java:25)
	at DAO.CursoDAOTest.testAgregar(CursoDAOTest.java:67)
</failure>
    <system-out>agregar
[EL Info]: 2021-11-18 14:23:47.933--ServerSession(1137078855)--EclipseLink, version: Eclipse Persistence Services - 2.7.7.v20200504-69f2c2b80d
</system-out>
  </testcase>
  <testcase classname="DAO.CursoDAOTest" name="DAO.CursoDAOTest.testEliminar" time="0.004">
    <failure message="An instance of a null PK has been incorrectly provided for this find operation." type="java.lang.IllegalArgumentException">java.lang.IllegalArgumentException: An instance of a null PK has been incorrectly provided for this find operation.
	at org.eclipse.persistence.internal.jpa.EntityManagerImpl.findInternal(EntityManagerImpl.java:886)
	at org.eclipse.persistence.internal.jpa.EntityManagerImpl.find(EntityManagerImpl.java:830)
	at org.eclipse.persistence.internal.jpa.EntityManagerImpl.find(EntityManagerImpl.java:696)
	at DAO.CursoDAO.eliminar(CursoDAO.java:33)
	at DAO.CursoDAOTest.testEliminar(CursoDAOTest.java:80)
</failure>
    <system-out>eliminar
</system-out>
  </testcase>
  <testcase classname="DAO.CursoDAOTest" name="DAO.CursoDAOTest.testBuscarPorId" time="0.001"/>
  <testcase classname="DAO.CursoDAOTest" name="DAO.CursoDAOTest.testBuscarTodas" time="0.739">
    <failure message="expected: &lt;null&gt; but was: &lt;[Curso{id=1, nombre=Cinematica, maestro=Maestro{id=2, nombre=arturo, contraseña=MavI8B8St0ho1IKm9K/df52T4o9+Na8FRKehn436PfnuluYSs26iXTzhCeS1enaP, correo=jamv1305@gmail.com}, unidades=0}, Curso{id=2, nombre=Empotrados, maestro=Maestro{id=1, nombre=pepe, contraseña=CpievEp3tWpuK7exnZldGFzkQJDBPimEt+zG1EbUth6pmRt2pMLwSxtNJEhBRJRU, correo=pepe@gmail.com}, unidades=2}, Curso{id=3, nombre=Ciencias, maestro=Maestro{id=1, nombre=pepe, contraseña=CpievEp3tWpuK7exnZldGFzkQJDBPimEt+zG1EbUth6pmRt2pMLwSxtNJEhBRJRU, correo=pepe@gmail.com}, unidades=2}]&gt;" type="org.opentest4j.AssertionFailedError">org.opentest4j.AssertionFailedError: expected: &lt;null&gt; but was: &lt;[Curso{id=1, nombre=Cinematica, maestro=Maestro{id=2, nombre=arturo, contraseña=MavI8B8St0ho1IKm9K/df52T4o9+Na8FRKehn436PfnuluYSs26iXTzhCeS1enaP, correo=jamv1305@gmail.com}, unidades=0}, Curso{id=2, nombre=Empotrados, maestro=Maestro{id=1, nombre=pepe, contraseña=CpievEp3tWpuK7exnZldGFzkQJDBPimEt+zG1EbUth6pmRt2pMLwSxtNJEhBRJRU, correo=pepe@gmail.com}, unidades=2}, Curso{id=3, nombre=Ciencias, maestro=Maestro{id=1, nombre=pepe, contraseña=CpievEp3tWpuK7exnZldGFzkQJDBPimEt+zG1EbUth6pmRt2pMLwSxtNJEhBRJRU, correo=pepe@gmail.com}, unidades=2}]&gt;
	at org.junit.jupiter.api.AssertionUtils.fail(AssertionUtils.java:55)
	at org.junit.jupiter.api.AssertionUtils.failNotEqual(AssertionUtils.java:62)
	at org.junit.jupiter.api.AssertEquals.assertEquals(AssertEquals.java:182)
	at org.junit.jupiter.api.AssertEquals.assertEquals(AssertEquals.java:177)
	at org.junit.jupiter.api.Assertions.assertEquals(Assertions.java:1124)
	at DAO.CursoDAOTest.testBuscarTodas(CursoDAOTest.java:122)
</failure>
    <system-out>buscarTodas
</system-out>
  </testcase>
  <testcase classname="DAO.CursoDAOTest" name="DAO.CursoDAOTest.testActualizar" time="0.005">
    <failure type="java.lang.NullPointerException">java.lang.NullPointerException
	at DAO.CursoDAO.actualizar(CursoDAO.java:44)
	at DAO.CursoDAOTest.testActualizar(CursoDAOTest.java:93)
</failure>
    <system-out>actualizar
</system-out>
  </testcase>
</testsuite>